<?xml version="1.0" encoding="UTF-8"?>
<!-- Generated by org.testng.reporters.JUnitXMLReporter -->
<testsuite ignored="2" hostname="DESKTOP-6QAFHUB" failures="0" tests="2" name="smoke suite" time="81.023" errors="0" timestamp="2024-07-10T17:58:18 IST">
  <testcase classname="seleniumtests.Selenium_Alerts_Tests_SimpleAlerts" name="SimpleAlert" time="52.568"/>
  <testcase classname="seleniumtests.Selenium_SwitchToCommand_Assignment" name="SwitchToCommands" time="80.868"/>
  <testcase classname="seleniumtests.BaseTest" name="@BeforeTest beforeTest" time="0.0">
    <ignored/>
  </testcase> <!-- @BeforeTest beforeTest -->
  <testcase classname="seleniumtests.BaseTest" name="@AfterTest afterTest" time="0.0">
    <ignored/>
  </testcase> <!-- @AfterTest afterTest -->
</testsuite> <!-- smoke suite -->
